[2026-04-01T18:47:43.096Z] GET http://localhost:4000/ → pending (?ms, ?B)
[2026-04-01T18:50:46.745Z] GET http://localhost:8080/ → 404 (6ms, 139B)
[2026-04-01T18:52:47.428Z] GET http://localhost:4000/ → 200 (15ms, 670B)
[2026-04-01T18:52:47.456Z] GET http://localhost:4000/static/js/bundle.js → 200 (161ms, 6911513B)
[2026-04-01T18:52:47.757Z] GET https://fonts.googleapis.com/css2?family=Montserrat:wght@400;600;700;900&family=Inter:wght@400;500;600&family=Playfair+Display:ital,wght@0,700;1,700&display=swap → 200 (223ms, 18678B)
[2026-04-01T18:52:47.932Z] GET http://localhost:8080/top_songs?page=1&page_size=10 → pending (?ms, ?B)
[2026-04-01T18:52:47.932Z] GET http://localhost:8080/top_albums?page=1&page_size=5 → pending (?ms, ?B)
[2026-04-01T18:52:47.932Z] GET http://localhost:8080/random → pending (?ms, ?B)
[2026-04-01T18:52:47.932Z] GET http://localhost:8080/author/name → 200 (56ms, 20B)
[2026-04-01T18:52:47.932Z] GET http://localhost:8080/top_songs?page=1&page_size=10 → pending (?ms, ?B)
[2026-04-01T18:52:47.932Z] GET http://localhost:8080/top_albums?page=1&page_size=5 → pending (?ms, ?B)
[2026-04-01T18:52:47.933Z] GET http://localhost:8080/random → pending (?ms, ?B)
[2026-04-01T18:52:47.933Z] GET http://localhost:8080/author/name → 200 (54ms, 20B)
[2026-04-01T18:52:47.933Z] GET http://localhost:4000/img/taylor-1.png → 200 (40ms, 1396044B)
[2026-04-01T18:52:47.939Z] GET http://localhost:4000/img/taylor-2.png → 200 (35ms, 574199B)
[2026-04-01T18:52:47.939Z] GET http://localhost:4000/img/taylor-3.png → 200 (35ms, 603300B)
[2026-04-01T18:52:47.939Z] GET http://localhost:4000/img/taylor-4.avif → 200 (39ms, 96420B)
[2026-04-01T18:52:47.939Z] GET http://localhost:4000/img/taylor-5.webp → 200 (39ms, 373156B)
[2026-04-01T18:52:47.939Z] GET http://localhost:4000/img/taylor-6.png → 200 (40ms, 554165B)
[2026-04-01T18:52:47.939Z] GET http://localhost:4000/img/taylor-7.png → 200 (41ms, 172198B)
[2026-04-01T18:52:47.941Z] GET http://localhost:4000/img/taylor-8.png → 200 (39ms, 269408B)
[2026-04-01T18:52:47.989Z] GET https://fonts.gstatic.com/s/montserrat/v31/JTUSjIg1_i6t8kCHKm459WlhyyTh89Y.woff2 → pending (?ms, ?B)
[2026-04-01T18:52:47.989Z] GET https://fonts.gstatic.com/s/inter/v20/UcC73FwrK3iLTeHuS_nVMrMxCp50SjIa1ZL7W0Q5nw.woff2 → pending (?ms, ?B)
[2026-04-01T18:52:47.989Z] GET https://fonts.gstatic.com/s/playfairdisplay/v40/nuFRD-vYSZviVYUb_rj3ij__anPXDTnCjmHKM4nYO7KN_k-UXtHA-X-uE0qEEw.woff2 → pending (?ms, ?B)
[2026-04-01T18:56:55.292Z] GET http://localhost:4000/albums → 200 (8ms, 670B)
[2026-04-01T18:56:55.302Z] GET http://localhost:4000/static/js/bundle.js → 304 (10ms, ?B)
[2026-04-01T18:56:55.492Z] GET https://fonts.googleapis.com/css2?family=Montserrat:wght@400;600;700;900&family=Inter:wght@400;500;600&family=Playfair+Display:ital,wght@0,700;1,700&display=swap → 200 (?ms, 18678B)
[2026-04-01T18:56:55.492Z] GET https://fonts.gstatic.com/s/inter/v20/UcC73FwrK3iLTeHuS_nVMrMxCp50SjIa1ZL7W0Q5nw.woff2 → 200 (?ms, ?B)
[2026-04-01T18:56:55.492Z] GET https://fonts.gstatic.com/s/montserrat/v31/JTUSjIg1_i6t8kCHKm459WlhyyTh89Y.woff2 → 200 (?ms, ?B)
[2026-04-01T18:56:55.499Z] GET https://fonts.gstatic.com/s/playfairdisplay/v40/nuFRD-vYSZviVYUb_rj3ij__anPXDTnCjmHKM4nYO7KN_k-UXtHA-X-uE0qEEw.woff2 → 200 (?ms, ?B)
[2026-04-01T18:56:55.505Z] GET http://localhost:8080/albums → 200 (211ms, 2162B)
[2026-04-01T18:56:55.505Z] GET http://localhost:8080/albums → 200 (186ms, 2162B)
[2026-04-01T18:56:55.694Z] GET https://i.scdn.co/image/ab67616d00001e02e0b60c608586d88252b8fbc0 → 200 (120ms, 23301B)
[2026-04-01T18:56:55.695Z] GET https://i.scdn.co/image/ab67616d00001e02318443aab3531a0558e79a4d → 200 (121ms, 29521B)
[2026-04-01T18:56:55.695Z] GET https://i.scdn.co/image/ab67616d00001e02a48964b5d9a3d6968ae3e0de → 200 (128ms, 30037B)
[2026-04-01T18:56:55.695Z] GET https://i.scdn.co/image/ab67616d00001e0290fd9741e1838115cd90b3b6 → 200 (134ms, 27956B)
[2026-04-01T18:56:55.695Z] GET https://i.scdn.co/image/ab67616d00001e02c288028c2592f400dd0b9233 → 200 (142ms, 32488B)
[2026-04-01T18:56:55.695Z] GET https://i.scdn.co/image/ab67616d00001e02e787cffec20aa2a396a61647 → 200 (141ms, 21811B)
[2026-04-01T18:56:55.695Z] GET https://i.scdn.co/image/ab67616d00001e02da5d5aeeabacacc1263c0f4b → 200 (140ms, 30981B)
[2026-04-01T18:56:55.695Z] GET https://i.scdn.co/image/ab67616d00001e02332d85510aba3eb28312cfb2 → 200 (131ms, 22961B)
[2026-04-01T18:56:55.695Z] GET https://i.scdn.co/image/ab67616d00001e02a7613d346501b828b56a0bc3 → 200 (129ms, 22606B)
[2026-04-01T18:56:55.695Z] GET https://i.scdn.co/image/ab67616d00001e022e4ec3175d848eca7b76b07f → 200 (136ms, 46240B)
[2026-04-01T18:56:55.695Z] GET https://i.scdn.co/image/ab67616d00001e0234e5885465afc8a497ac1b7e → 200 (146ms, 46684B)
[2026-04-01T18:56:55.695Z] GET https://i.scdn.co/image/ab67616d00001e022f8c0fd72a80a93f8c53b96c → 200 (147ms, 49619B)
[2026-04-01T18:57:07.459Z] GET http://localhost:4000/songs → 200 (2ms, 670B)
[2026-04-01T18:57:07.463Z] GET http://localhost:4000/static/js/bundle.js → 304 (4ms, ?B)
[2026-04-01T18:57:07.487Z] GET https://fonts.googleapis.com/css2?family=Montserrat:wght@400;600;700;900&family=Inter:wght@400;500;600&family=Playfair+Display:ital,wght@0,700;1,700&display=swap → 200 (?ms, 18678B)
[2026-04-01T18:57:07.489Z] GET https://fonts.gstatic.com/s/inter/v20/UcC73FwrK3iLTeHuS_nVMrMxCp50SjIa1ZL7W0Q5nw.woff2 → 200 (?ms, ?B)
[2026-04-01T18:57:07.490Z] GET https://fonts.gstatic.com/s/montserrat/v31/JTUSjIg1_i6t8kCHKm459WlhyyTh89Y.woff2 → 200 (?ms, ?B)
[2026-04-01T18:57:07.494Z] GET https://fonts.gstatic.com/s/playfairdisplay/v40/nuFRD-vYSZviVYUb_rj3ij__anPXDTnCjmHKM4nYO7KN_k-UXtHA-X-uE0qEEw.woff2 → 200 (?ms, ?B)
[2026-04-01T18:57:07.556Z] GET http://localhost:8080/search_songs → 200 (263ms, 54261B)
[2026-04-01T18:57:07.556Z] GET http://localhost:8080/search_songs → 200 (243ms, 54261B)
[2026-04-01T18:58:07.158Z] GET http://localhost:4000/albums → 200 (6ms, 670B)
[2026-04-01T18:58:07.167Z] GET http://localhost:4000/static/js/bundle.js → 304 (22ms, ?B)
[2026-04-01T18:58:07.204Z] GET https://fonts.googleapis.com/css2?family=Montserrat:wght@400;600;700;900&family=Inter:wght@400;500;600&family=Playfair+Display:ital,wght@0,700;1,700&display=swap → 200 (?ms, 18678B)
[2026-04-01T18:58:07.209Z] GET https://fonts.gstatic.com/s/inter/v20/UcC73FwrK3iLTeHuS_nVMrMxCp50SjIa1ZL7W0Q5nw.woff2 → 200 (?ms, ?B)
[2026-04-01T18:58:07.209Z] GET https://fonts.gstatic.com/s/montserrat/v31/JTUSjIg1_i6t8kCHKm459WlhyyTh89Y.woff2 → 200 (1ms, ?B)
[2026-04-01T18:58:07.213Z] GET https://fonts.gstatic.com/s/playfairdisplay/v40/nuFRD-vYSZviVYUb_rj3ij__anPXDTnCjmHKM4nYO7KN_k-UXtHA-X-uE0qEEw.woff2 → 200 (?ms, ?B)
[2026-04-01T18:58:07.214Z] GET http://localhost:8080/albums → pending (?ms, ?B)
[2026-04-01T18:58:07.214Z] GET http://localhost:8080/albums → pending (?ms, ?B)
[2026-04-01T18:58:07.342Z] GET https://i.scdn.co/image/ab67616d00001e02e0b60c608586d88252b8fbc0 → 200 (1ms, 23301B)
[2026-04-01T18:58:07.342Z] GET https://i.scdn.co/image/ab67616d00001e02318443aab3531a0558e79a4d → 200 (1ms, 29521B)
[2026-04-01T18:58:07.342Z] GET https://i.scdn.co/image/ab67616d00001e02a48964b5d9a3d6968ae3e0de → 200 (2ms, 30037B)
[2026-04-01T18:58:07.342Z] GET https://i.scdn.co/image/ab67616d00001e0290fd9741e1838115cd90b3b6 → 200 (3ms, 27956B)
[2026-04-01T18:58:07.342Z] GET https://i.scdn.co/image/ab67616d00001e02c288028c2592f400dd0b9233 → 200 (3ms, 32488B)
[2026-04-01T18:58:07.342Z] GET https://i.scdn.co/image/ab67616d00001e02e787cffec20aa2a396a61647 → 200 (7ms, 21811B)
[2026-04-01T18:58:07.342Z] GET https://i.scdn.co/image/ab67616d00001e02da5d5aeeabacacc1263c0f4b → 200 (7ms, 30981B)
[2026-04-01T18:58:07.342Z] GET https://i.scdn.co/image/ab67616d00001e02332d85510aba3eb28312cfb2 → 200 (7ms, 22961B)
[2026-04-01T18:58:07.342Z] GET https://i.scdn.co/image/ab67616d00001e02a7613d346501b828b56a0bc3 → 200 (8ms, 22606B)
[2026-04-01T18:58:07.342Z] GET https://i.scdn.co/image/ab67616d00001e022e4ec3175d848eca7b76b07f → 200 (8ms, 46240B)
[2026-04-01T18:58:07.342Z] GET https://i.scdn.co/image/ab67616d00001e0234e5885465afc8a497ac1b7e → 200 (8ms, 46684B)
[2026-04-01T18:58:07.342Z] GET https://i.scdn.co/image/ab67616d00001e022f8c0fd72a80a93f8c53b96c → 200 (8ms, 49619B)
[2026-04-01T18:58:19.988Z] GET http://localhost:8080/album/3lS1y25WAhcqJDATJK70Mq → 200 (130ms, 182B)
[2026-04-01T18:58:19.988Z] GET http://localhost:8080/album_songs/3lS1y25WAhcqJDATJK70Mq → 200 (136ms, 2123B)
[2026-04-01T18:58:19.989Z] GET http://localhost:8080/album/3lS1y25WAhcqJDATJK70Mq → 200 (117ms, 182B)
[2026-04-01T18:58:19.989Z] GET http://localhost:8080/album_songs/3lS1y25WAhcqJDATJK70Mq → 200 (123ms, 2123B)
[2026-04-01T19:00:04.374Z] GET http://localhost:4000/ → pending (?ms, ?B)
[2026-04-01T19:00:04.392Z] GET http://localhost:4000/static/js/bundle.js → 304 (6ms, ?B)
[2026-04-01T19:00:04.434Z] GET https://fonts.googleapis.com/css2?family=Montserrat:wght@400;600;700;900&family=Inter:wght@400;500;600&family=Playfair+Display:ital,wght@0,700;1,700&display=swap → 200 (?ms, 18678B)
[2026-04-01T19:00:04.435Z] GET https://fonts.gstatic.com/s/inter/v20/UcC73FwrK3iLTeHuS_nVMrMxCp50SjIa1ZL7W0Q5nw.woff2 → 200 (?ms, ?B)
[2026-04-01T19:00:04.435Z] GET https://fonts.gstatic.com/s/montserrat/v31/JTUSjIg1_i6t8kCHKm459WlhyyTh89Y.woff2 → 200 (?ms, ?B)
[2026-04-01T19:00:04.446Z] GET https://fonts.gstatic.com/s/playfairdisplay/v40/nuFRD-vYSZviVYUb_rj3ij__anPXDTnCjmHKM4nYO7KN_k-UXtHA-X-uE0qEEw.woff2 → 200 (1ms, ?B)
[2026-04-01T19:00:04.468Z] GET http://localhost:8080/top_songs?page=1&page_size=10 → 200 (242ms, 1451B)
[2026-04-01T19:00:04.468Z] GET http://localhost:8080/top_albums?page=1&page_size=5 → 200 (242ms, 422B)
[2026-04-01T19:00:04.468Z] GET http://localhost:8080/random → 200 (242ms, 86B)
[2026-04-01T19:00:04.468Z] GET http://localhost:8080/author/name → 200 (24ms, 20B)
[2026-04-01T19:00:04.468Z] GET http://localhost:8080/top_songs?page=1&page_size=10 → 200 (242ms, 1451B)
[2026-04-01T19:00:04.468Z] GET http://localhost:8080/top_albums?page=1&page_size=5 → 200 (242ms, 422B)
[2026-04-01T19:00:04.468Z] GET http://localhost:8080/random → 200 (242ms, 94B)
[2026-04-01T19:00:04.469Z] GET http://localhost:8080/author/name → 200 (23ms, 20B)
[2026-04-01T19:00:04.469Z] GET http://localhost:4000/img/taylor-1.png → 200 (8ms, 1396044B)
[2026-04-01T19:00:04.469Z] GET http://localhost:4000/img/taylor-2.png → 200 (8ms, 574199B)
[2026-04-01T19:00:04.469Z] GET http://localhost:4000/img/taylor-3.png → 200 (9ms, 603300B)
[2026-04-01T19:00:04.469Z] GET http://localhost:4000/img/taylor-4.avif → 200 (9ms, 96420B)
[2026-04-01T19:00:04.469Z] GET http://localhost:4000/img/taylor-5.webp → 200 (9ms, 373156B)
[2026-04-01T19:00:04.469Z] GET http://localhost:4000/img/taylor-6.png → 200 (43ms, 554165B)
[2026-04-01T19:00:04.469Z] GET http://localhost:4000/img/taylor-7.png → 200 (43ms, 172198B)
[2026-04-01T19:00:04.469Z] GET http://localhost:4000/img/taylor-8.png → 200 (50ms, 269408B)
[2026-04-01T19:00:25.455Z] GET http://localhost:4000/ → 200 (5ms, 670B)
[2026-04-01T19:00:25.463Z] GET http://localhost:4000/static/js/bundle.js → 304 (7ms, ?B)
[2026-04-01T19:00:25.496Z] GET https://fonts.googleapis.com/css2?family=Montserrat:wght@400;600;700;900&family=Inter:wght@400;500;600&family=Playfair+Display:ital,wght@0,700;1,700&display=swap → 200 (4ms, 18678B)
[2026-04-01T19:00:25.502Z] GET https://fonts.gstatic.com/s/inter/v20/UcC73FwrK3iLTeHuS_nVMrMxCp50SjIa1ZL7W0Q5nw.woff2 → 200 (?ms, ?B)
[2026-04-01T19:00:25.502Z] GET https://fonts.gstatic.com/s/montserrat/v31/JTUSjIg1_i6t8kCHKm459WlhyyTh89Y.woff2 → 200 (?ms, ?B)
[2026-04-01T19:00:25.502Z] GET https://fonts.gstatic.com/s/playfairdisplay/v40/nuFRD-vYSZviVYUb_rj3ij__anPXDTnCjmHKM4nYO7KN_k-UXtHA-X-uE0qEEw.woff2 → 200 (?ms, ?B)
[2026-04-01T19:00:25.515Z] GET http://localhost:4000/img/taylor-1.png → 304 (3ms, ?B)
[2026-04-01T19:00:25.515Z] GET http://localhost:4000/img/taylor-2.png → 304 (4ms, ?B)
[2026-04-01T19:00:25.515Z] GET http://localhost:4000/img/taylor-3.png → 304 (4ms, ?B)
[2026-04-01T19:00:25.516Z] GET http://localhost:4000/img/taylor-4.avif → 304 (4ms, ?B)
[2026-04-01T19:00:25.516Z] GET http://localhost:4000/img/taylor-5.webp → 304 (4ms, ?B)
[2026-04-01T19:00:25.516Z] GET http://localhost:4000/img/taylor-6.png → 304 (7ms, ?B)
[2026-04-01T19:00:25.516Z] GET http://localhost:4000/img/taylor-7.png → 304 (3ms, ?B)
[2026-04-01T19:00:25.516Z] GET http://localhost:4000/img/taylor-8.png → 304 (3ms, ?B)
[2026-04-01T19:00:25.516Z] GET http://localhost:8080/top_songs?page=1&page_size=10 → 200 (161ms, 1451B)
[2026-04-01T19:00:25.516Z] GET http://localhost:8080/top_albums?page=1&page_size=5 → 200 (153ms, 422B)
[2026-04-01T19:00:25.517Z] GET http://localhost:8080/random → 200 (190ms, 93B)
[2026-04-01T19:00:25.517Z] GET http://localhost:8080/author/name → 200 (15ms, 20B)
[2026-04-01T19:00:25.517Z] GET http://localhost:8080/top_songs?page=1&page_size=10 → 200 (139ms, 1451B)
[2026-04-01T19:00:25.517Z] GET http://localhost:8080/top_albums?page=1&page_size=5 → 200 (135ms, 422B)
[2026-04-01T19:00:25.518Z] GET http://localhost:8080/random → 200 (180ms, 94B)
[2026-04-01T19:00:25.518Z] GET http://localhost:8080/author/name → 200 (13ms, 20B)
[2026-04-01T19:02:43.212Z] GET http://localhost:4000/main.6c30610832ca18aff6b4.hot-update.json → 200 (12ms, 28B)
[2026-04-01T19:02:43.227Z] GET http://localhost:4000/main.6c30610832ca18aff6b4.hot-update.js → 200 (6ms, 56576B)
[2026-04-01T19:03:32.844Z] GET http://localhost:4000/main.099451f2cb672144b587.hot-update.json → 200 (12ms, 28B)
[2026-04-01T19:03:32.858Z] GET http://localhost:4000/main.099451f2cb672144b587.hot-update.js → 200 (13ms, 56763B)
[2026-04-01T19:03:43.197Z] GET http://localhost:4000/main.c46ac79157bc2b085c75.hot-update.json → 200 (9ms, 28B)
[2026-04-01T19:03:43.206Z] GET http://localhost:4000/main.c46ac79157bc2b085c75.hot-update.js → 200 (3ms, 57031B)
[2026-04-01T19:03:55.999Z] GET http://localhost:4000/main.b8b41536ff112b48e3df.hot-update.json → 200 (20ms, 28B)
[2026-04-01T19:03:56.019Z] GET http://localhost:4000/main.b8b41536ff112b48e3df.hot-update.js → 200 (5ms, 57120B)
[2026-04-01T19:04:06.477Z] GET http://localhost:4000/main.edd3b48209e59f8d1371.hot-update.json → 200 (20ms, 28B)
[2026-04-01T19:04:06.497Z] GET http://localhost:4000/main.edd3b48209e59f8d1371.hot-update.js → 200 (1ms, 57196B)
[2026-04-01T19:04:16.712Z] GET http://localhost:4000/main.893afefa3e96d6adaba2.hot-update.json → 200 (11ms, 28B)
[2026-04-01T19:04:16.724Z] GET http://localhost:4000/main.893afefa3e96d6adaba2.hot-update.js → 200 (2ms, 57255B)
[2026-04-01T19:04:33.480Z] GET http://localhost:4000/main.e5ec3818a4e7d8e06d2c.hot-update.json → 200 (10ms, 28B)
[2026-04-01T19:04:33.491Z] GET http://localhost:4000/main.e5ec3818a4e7d8e06d2c.hot-update.js → 200 (1ms, 2572B)
[2026-04-01T19:04:38.844Z] GET http://localhost:4000/main.4949d26df8963764d7e0.hot-update.json → 200 (7ms, 28B)
[2026-04-01T19:04:38.851Z] GET http://localhost:4000/main.4949d26df8963764d7e0.hot-update.js → 200 (1ms, 14075B)
[2026-04-01T19:04:38.890Z] GET http://localhost:8080/random → 200 (157ms, 76B)
[2026-04-01T19:04:38.890Z] GET http://localhost:8080/author/name → 200 (5ms, 20B)
[2026-04-01T19:04:47.010Z] GET http://localhost:4000/main.7dffec05ddc6775f9190.hot-update.json → 200 (8ms, 28B)
[2026-04-01T19:04:47.018Z] GET http://localhost:4000/main.7dffec05ddc6775f9190.hot-update.js → 200 (2ms, 14174B)
[2026-04-01T19:04:47.057Z] GET http://localhost:8080/random → 200 (12ms, 77B)
[2026-04-01T19:04:47.057Z] GET http://localhost:8080/author/name → 200 (3ms, 20B)
[2026-04-01T19:04:51.273Z] GET http://localhost:4000/main.17da33fc7caf3c06ddb9.hot-update.json → 200 (7ms, 28B)
[2026-04-01T19:04:51.280Z] GET http://localhost:4000/main.17da33fc7caf3c06ddb9.hot-update.js → 200 (2ms, 14273B)
[2026-04-01T19:04:51.319Z] GET http://localhost:8080/random → 200 (14ms, 56B)
[2026-04-01T19:04:51.319Z] GET http://localhost:8080/author/name → 200 (1ms, 20B)
[2026-04-01T19:05:03.502Z] GET http://localhost:4000/main.86b2961f235bdd511741.hot-update.json → 200 (8ms, 28B)
[2026-04-01T19:05:03.511Z] GET http://localhost:4000/main.86b2961f235bdd511741.hot-update.js → 200 (4ms, 57270B)
[2026-04-01T19:05:16.081Z] GET http://localhost:4000/main.fac67c819d55b380541d.hot-update.json → 200 (11ms, 28B)
[2026-04-01T19:05:16.093Z] GET http://localhost:4000/main.fac67c819d55b380541d.hot-update.js → 200 (2ms, 57410B)
[2026-04-01T19:05:27.387Z] GET http://localhost:4000/ → 200 (5ms, 670B)
[2026-04-01T19:05:27.404Z] GET http://localhost:4000/static/js/bundle.js → 200 (7ms, ?B)
[2026-04-01T19:05:27.770Z] GET https://fonts.googleapis.com/css2?family=Montserrat:wght@400;600;700;900&family=Inter:wght@400;500;600&family=Playfair+Display:ital,wght@0,700;1,700&display=swap → 200 (?ms, 18678B)
[2026-04-01T19:05:27.773Z] GET https://fonts.gstatic.com/s/inter/v20/UcC73FwrK3iLTeHuS_nVMrMxCp50SjIa1ZL7W0Q5nw.woff2 → 200 (?ms, ?B)
[2026-04-01T19:05:27.773Z] GET https://fonts.gstatic.com/s/montserrat/v31/JTUSjIg1_i6t8kCHKm459WlhyyTh89Y.woff2 → 200 (?ms, ?B)
[2026-04-01T19:05:27.774Z] GET https://fonts.gstatic.com/s/playfairdisplay/v40/nuFRD-vYSZviVYUb_rj3ij__anPXDTnCjmHKM4nYO7KN_k-UXtHA-X-uE0qEEw.woff2 → 200 (?ms, ?B)
[2026-04-01T19:05:27.963Z] GET http://localhost:4000/img/taylor-1.png → 304 (2ms, ?B)
[2026-04-01T19:05:27.963Z] GET http://localhost:4000/img/taylor-2.png → 304 (4ms, ?B)
[2026-04-01T19:05:27.963Z] GET http://localhost:4000/img/taylor-3.png → 304 (4ms, ?B)
[2026-04-01T19:05:27.963Z] GET http://localhost:4000/img/taylor-4.avif → 304 (4ms, ?B)
[2026-04-01T19:05:27.963Z] GET http://localhost:4000/img/taylor-5.webp → 304 (4ms, ?B)
[2026-04-01T19:05:27.964Z] GET http://localhost:4000/img/taylor-6.png → 304 (3ms, ?B)
[2026-04-01T19:05:27.964Z] GET http://localhost:4000/img/taylor-7.png → 304 (3ms, ?B)
[2026-04-01T19:05:27.964Z] GET http://localhost:4000/img/taylor-8.png → 304 (3ms, ?B)
[2026-04-01T19:05:27.964Z] GET http://localhost:8080/top_songs?page=1&page_size=10 → 200 (140ms, 1451B)
[2026-04-01T19:05:27.964Z] GET http://localhost:8080/top_albums?page=1&page_size=5 → 200 (148ms, 422B)
[2026-04-01T19:05:27.964Z] GET http://localhost:8080/random → 200 (162ms, 63B)
[2026-04-01T19:05:27.964Z] GET http://localhost:8080/author/name → 200 (6ms, 20B)
[2026-04-01T19:05:27.964Z] GET http://localhost:8080/top_songs?page=1&page_size=10 → 200 (128ms, 1451B)
[2026-04-01T19:05:27.964Z] GET http://localhost:8080/top_albums?page=1&page_size=5 → 200 (134ms, 422B)
[2026-04-01T19:05:27.965Z] GET http://localhost:8080/random → 200 (147ms, 58B)
[2026-04-01T19:05:27.965Z] GET http://localhost:8080/author/name → 200 (5ms, 20B)
[2026-04-01T19:05:52.532Z] GET http://localhost:4000/albums → 200 (4ms, 670B)
[2026-04-01T19:05:52.539Z] GET http://localhost:4000/static/js/bundle.js → 304 (4ms, ?B)
[2026-04-01T19:05:52.582Z] GET https://fonts.googleapis.com/css2?family=Montserrat:wght@400;600;700;900&family=Inter:wght@400;500;600&family=Playfair+Display:ital,wght@0,700;1,700&display=swap → 200 (2ms, 18678B)
[2026-04-01T19:05:52.587Z] GET https://fonts.gstatic.com/s/inter/v20/UcC73FwrK3iLTeHuS_nVMrMxCp50SjIa1ZL7W0Q5nw.woff2 → 200 (?ms, ?B)
[2026-04-01T19:05:52.589Z] GET https://fonts.gstatic.com/s/montserrat/v31/JTUSjIg1_i6t8kCHKm459WlhyyTh89Y.woff2 → 200 (?ms, ?B)
[2026-04-01T19:05:52.590Z] GET https://fonts.gstatic.com/s/playfairdisplay/v40/nuFRD-vYSZviVYUb_rj3ij__anPXDTnCjmHKM4nYO7KN_k-UXtHA-X-uE0qEEw.woff2 → 200 (?ms, ?B)
[2026-04-01T19:05:52.592Z] GET http://localhost:8080/albums → pending (?ms, ?B)
[2026-04-01T19:05:52.593Z] GET http://localhost:8080/albums → pending (?ms, ?B)
[2026-04-01T19:05:52.728Z] GET https://i.scdn.co/image/ab67616d00001e02e0b60c608586d88252b8fbc0 → 200 (2ms, 23301B)
[2026-04-01T19:05:52.729Z] GET https://i.scdn.co/image/ab67616d00001e02318443aab3531a0558e79a4d → 200 (1ms, 29521B)
[2026-04-01T19:05:52.729Z] GET https://i.scdn.co/image/ab67616d00001e02a48964b5d9a3d6968ae3e0de → 200 (2ms, 30037B)
[2026-04-01T19:05:52.729Z] GET https://i.scdn.co/image/ab67616d00001e0290fd9741e1838115cd90b3b6 → 200 (2ms, 27956B)
[2026-04-01T19:05:52.729Z] GET https://i.scdn.co/image/ab67616d00001e02c288028c2592f400dd0b9233 → 200 (2ms, 32488B)
[2026-04-01T19:05:52.729Z] GET https://i.scdn.co/image/ab67616d00001e02e787cffec20aa2a396a61647 → 200 (3ms, 21811B)
[2026-04-01T19:05:52.729Z] GET https://i.scdn.co/image/ab67616d00001e02da5d5aeeabacacc1263c0f4b → 200 (3ms, 30981B)
[2026-04-01T19:05:52.729Z] GET https://i.scdn.co/image/ab67616d00001e02332d85510aba3eb28312cfb2 → 200 (3ms, 22961B)
[2026-04-01T19:05:52.729Z] GET https://i.scdn.co/image/ab67616d00001e02a7613d346501b828b56a0bc3 → 200 (3ms, 22606B)
[2026-04-01T19:05:52.730Z] GET https://i.scdn.co/image/ab67616d00001e022e4ec3175d848eca7b76b07f → 200 (2ms, 46240B)
[2026-04-01T19:05:52.730Z] GET https://i.scdn.co/image/ab67616d00001e0234e5885465afc8a497ac1b7e → 200 (3ms, 46684B)
[2026-04-01T19:05:52.730Z] GET https://i.scdn.co/image/ab67616d00001e022f8c0fd72a80a93f8c53b96c → 200 (3ms, 49619B)
